<?xml version="1.0" encoding="UTF-8"?>
<!-- Generated by org.testng.reporters.JUnitReportReporter -->
<testsuite hostname="Venki" failures="0" tests="5" name="testCases.MakeMyTripHotelsTest" time="20.114" errors="0" timestamp="21 Apr 2022 05:19:01 GMT">
  <testcase classname="testCases.MakeMyTripHotelsTest" name="cityCLick" time="1.055"/>
  <testcase classname="testCases.MakeMyTripHotelsTest" name="loginClick" time="0.539"/>
  <testcase classname="testCases.MakeMyTripHotelsTest" name="cityInput" time="3.429"/>
  <testcase classname="testCases.MakeMyTripHotelsTest" name="citySelect" time="3.463"/>
  <testcase classname="testCases.MakeMyTripHotelsTest" name="launchURL" time="11.628"/>
</testsuite> <!-- testCases.MakeMyTripHotelsTest -->
