<?xml version="1.0" encoding="UTF-8"?>
<!-- Generated by org.testng.reporters.JUnitReportReporter -->
<testsuite hostname="Venki" failures="0" tests="5" name="testCases.HomePageTest" time="10.981" errors="0" timestamp="25 Apr 2022 05:27:42 GMT">
  <testcase classname="testCases.HomePageTest" name="launchURL" time="7.655"/>
  <testcase classname="testCases.HomePageTest" name="ItemsCount" time="0.109"/>
  <testcase classname="testCases.HomePageTest" name="getItemsList" time="2.338"/>
  <testcase classname="testCases.HomePageTest" name="validateTitle" time="0.070"/>
  <testcase classname="testCases.HomePageTest" name="selectItem" time="0.809"/>
</testsuite> <!-- testCases.HomePageTest -->
