<?xml version="1.0" encoding="UTF-8"?>
<!-- Generated by org.testng.reporters.JUnitReportReporter -->
<testsuite hostname="Venki" failures="0" tests="5" name="testCases.HomePageTest" time="9.040" errors="0" timestamp="21 Apr 2022 04:13:17 GMT">
  <testcase classname="testCases.HomePageTest" name="getItemsList" time="0.382"/>
  <testcase classname="testCases.HomePageTest" name="launchURL" time="8.252"/>
  <testcase classname="testCases.HomePageTest" name="ItemsCount" time="0.068"/>
  <testcase classname="testCases.HomePageTest" name="selectItem" time="0.322"/>
  <testcase classname="testCases.HomePageTest" name="validateTitle" time="0.016"/>
</testsuite> <!-- testCases.HomePageTest -->
