<?xml version="1.0" encoding="UTF-8"?>
<!-- Generated by org.testng.reporters.JUnitReportReporter -->
<testsuite hostname="Venki" failures="0" tests="5" name="testCases.CalendarTest" time="13.527" errors="0" timestamp="26 Apr 2022 05:01:48 GMT">
  <testcase classname="testCases.CalendarTest" name="simpleDate" time="0.746"/>
  <testcase classname="testCases.CalendarTest" name="goToFrame" time="0.591"/>
  <testcase classname="testCases.CalendarTest" name="selectDate" time="0.215"/>
  <testcase classname="testCases.CalendarTest" name="selectYear" time="2.413"/>
  <testcase classname="testCases.CalendarTest" name="launchURL" time="9.562"/>
</testsuite> <!-- testCases.CalendarTest -->
