<?xml version="1.0" encoding="UTF-8"?>
<!-- Generated by org.testng.reporters.JUnitReportReporter -->
<testsuite hostname="Venki" failures="0" tests="7" name="testCases.MakeMyTripHotelsTest" time="20.016" errors="0" timestamp="22 Apr 2022 04:51:32 GMT">
  <testcase classname="testCases.MakeMyTripHotelsTest" name="selectCity" time="4.623"/>
  <testcase classname="testCases.MakeMyTripHotelsTest" name="loginClick" time="0.605"/>
  <testcase classname="testCases.MakeMyTripHotelsTest" name="selectTodayDate" time="0.395"/>
  <testcase classname="testCases.MakeMyTripHotelsTest" name="clicklongcardclose" time="0.691"/>
  <testcase classname="testCases.MakeMyTripHotelsTest" name="launchURL" time="11.648"/>
  <testcase classname="testCases.MakeMyTripHotelsTest" name="cityCLick" time="1.420"/>
  <testcase classname="testCases.MakeMyTripHotelsTest" name="selectEndDate" time="0.634"/>
</testsuite> <!-- testCases.MakeMyTripHotelsTest -->
