<?xml version="1.0" encoding="UTF-8"?>
<!-- Generated by org.testng.reporters.JUnitReportReporter -->
<testsuite hostname="Venki" failures="0" tests="4" name="testCases.Testing" time="0.033" errors="0" timestamp="19 Apr 2022 05:27:44 GMT">
  <testcase classname="testCases.Testing" name="methodd" time="0.013"/>
  <testcase classname="testCases.Testing" name="methodc" time="0.007"/>
  <testcase classname="testCases.Testing" name="e" time="0.009"/>
  <testcase classname="testCases.Testing" name="b" time="0.004"/>
</testsuite> <!-- testCases.Testing -->
