<?xml version="1.0" encoding="UTF-8"?>
<!-- Generated by org.testng.reporters.JUnitReportReporter -->
<testsuite hostname="Venki" failures="0" tests="3" name="testCases.HomePageTest" time="14.642" errors="0" timestamp="19 Apr 2022 04:55:49 GMT">
  <testcase classname="testCases.HomePageTest" name="getItemsList" time="0.753"/>
  <testcase classname="testCases.HomePageTest" name="selectItem" time="5.812"/>
  <testcase classname="testCases.HomePageTest" name="launchURL" time="8.077"/>
</testsuite> <!-- testCases.HomePageTest -->
